2020-07-15 18:35:18 DEBUG logging:28 - Logging Provider: org.jboss.logging.Log4jLoggerProvider
2020-07-15 18:35:18 DEBUG IntegratorServiceImpl:46 - Adding Integrator [org.hibernate.cfg.beanvalidation.BeanValidationIntegrator].
2020-07-15 18:35:18 DEBUG IntegratorServiceImpl:46 - Adding Integrator [org.hibernate.secure.spi.JaccIntegrator].
2020-07-15 18:35:18 DEBUG IntegratorServiceImpl:46 - Adding Integrator [org.hibernate.cache.internal.CollectionCacheInvalidator].
2020-07-15 18:35:18 INFO  Version:46 - HHH000412: Hibernate Core {5.4.10.Final}
2020-07-15 18:35:18 DEBUG Environment:199 - HHH000206: hibernate.properties not found
2020-07-15 18:35:18 DEBUG LocalXmlResourceResolver:57 - Interpreting public/system identifier : [-//Hibernate/Hibernate Configuration DTD 3.0//EN] - [http://hibernate.org/dtd/hibernate-configuration-3.0.dtd]
2020-07-15 18:35:30 DEBUG JaxbCfgProcessor:116 - cfg.xml document did not define namespaces; wrapping in custom event reader to introduce namespace information
2020-07-15 18:35:30 DEBUG Configuration:722 - Building session factory using internal StandardServiceRegistryBuilder
2020-07-15 18:35:30 DEBUG ServiceBinding:68 - Overriding existing service binding [org.hibernate.secure.spi.JaccService]
2020-07-15 18:35:30 DEBUG Configuration:652 - Building session factory using provided StandardServiceRegistry
2020-07-15 18:35:30 DEBUG RegionFactoryInitiator:118 - Cannot default RegionFactory based on registered strategies as `[]` RegionFactory strategies were registered
2020-07-15 18:35:30 DEBUG RegionFactoryInitiator:49 - Cache region factory : org.hibernate.cache.internal.NoCachingRegionFactory
2020-07-15 18:35:30 INFO  Version:49 - HCANN000001: Hibernate Commons Annotations {5.1.0.Final}
2020-07-15 18:35:31 DEBUG BasicTypeRegistry:156 - Adding type registration boolean -> org.hibernate.type.BooleanType@524eb551
2020-07-15 18:35:31 DEBUG BasicTypeRegistry:156 - Adding type registration boolean -> org.hibernate.type.BooleanType@524eb551
2020-07-15 18:35:31 DEBUG BasicTypeRegistry:156 - Adding type registration java.lang.Boolean -> org.hibernate.type.BooleanType@524eb551
2020-07-15 18:35:31 DEBUG BasicTypeRegistry:156 - Adding type registration numeric_boolean -> org.hibernate.type.NumericBooleanType@7689a7b5
2020-07-15 18:35:31 DEBUG BasicTypeRegistry:156 - Adding type registration true_false -> org.hibernate.type.TrueFalseType@3786a209
2020-07-15 18:35:31 DEBUG BasicTypeRegistry:156 - Adding type registration yes_no -> org.hibernate.type.YesNoType@77e59065
2020-07-15 18:35:31 DEBUG BasicTypeRegistry:156 - Adding type registration byte -> org.hibernate.type.ByteType@7787d3
2020-07-15 18:35:31 DEBUG BasicTypeRegistry:156 - Adding type registration byte -> org.hibernate.type.ByteType@7787d3
2020-07-15 18:35:31 DEBUG BasicTypeRegistry:156 - Adding type registration java.lang.Byte -> org.hibernate.type.ByteType@7787d3
2020-07-15 18:35:31 DEBUG BasicTypeRegistry:156 - Adding type registration character -> org.hibernate.type.CharacterType@9457d4c
2020-07-15 18:35:31 DEBUG BasicTypeRegistry:156 - Adding type registration char -> org.hibernate.type.CharacterType@9457d4c
2020-07-15 18:35:31 DEBUG BasicTypeRegistry:156 - Adding type registration java.lang.Character -> org.hibernate.type.CharacterType@9457d4c
2020-07-15 18:35:31 DEBUG BasicTypeRegistry:156 - Adding type registration short -> org.hibernate.type.ShortType@89860d2
2020-07-15 18:35:31 DEBUG BasicTypeRegistry:156 - Adding type registration short -> org.hibernate.type.ShortType@89860d2
2020-07-15 18:35:31 DEBUG BasicTypeRegistry:156 - Adding type registration java.lang.Short -> org.hibernate.type.ShortType@89860d2
2020-07-15 18:35:31 DEBUG BasicTypeRegistry:156 - Adding type registration integer -> org.hibernate.type.IntegerType@733f7637
2020-07-15 18:35:31 DEBUG BasicTypeRegistry:156 - Adding type registration int -> org.hibernate.type.IntegerType@733f7637
2020-07-15 18:35:31 DEBUG BasicTypeRegistry:156 - Adding type registration java.lang.Integer -> org.hibernate.type.IntegerType@733f7637
2020-07-15 18:35:31 DEBUG BasicTypeRegistry:156 - Adding type registration long -> org.hibernate.type.LongType@5599887d
2020-07-15 18:35:31 DEBUG BasicTypeRegistry:156 - Adding type registration long -> org.hibernate.type.LongType@5599887d
2020-07-15 18:35:31 DEBUG BasicTypeRegistry:156 - Adding type registration java.lang.Long -> org.hibernate.type.LongType@5599887d
2020-07-15 18:35:31 DEBUG BasicTypeRegistry:156 - Adding type registration float -> org.hibernate.type.FloatType@4ad311c1
2020-07-15 18:35:31 DEBUG BasicTypeRegistry:156 - Adding type registration float -> org.hibernate.type.FloatType@4ad311c1
2020-07-15 18:35:31 DEBUG BasicTypeRegistry:156 - Adding type registration java.lang.Float -> org.hibernate.type.FloatType@4ad311c1
2020-07-15 18:35:31 DEBUG BasicTypeRegistry:156 - Adding type registration double -> org.hibernate.type.DoubleType@14b0b676
2020-07-15 18:35:31 DEBUG BasicTypeRegistry:156 - Adding type registration double -> org.hibernate.type.DoubleType@14b0b676
2020-07-15 18:35:31 DEBUG BasicTypeRegistry:156 - Adding type registration java.lang.Double -> org.hibernate.type.DoubleType@14b0b676
2020-07-15 18:35:31 DEBUG BasicTypeRegistry:156 - Adding type registration big_decimal -> org.hibernate.type.BigDecimalType@509f2a59
2020-07-15 18:35:31 DEBUG BasicTypeRegistry:156 - Adding type registration java.math.BigDecimal -> org.hibernate.type.BigDecimalType@509f2a59
2020-07-15 18:35:31 DEBUG BasicTypeRegistry:156 - Adding type registration big_integer -> org.hibernate.type.BigIntegerType@59030fa4
2020-07-15 18:35:31 DEBUG BasicTypeRegistry:156 - Adding type registration java.math.BigInteger -> org.hibernate.type.BigIntegerType@59030fa4
2020-07-15 18:35:31 DEBUG BasicTypeRegistry:156 - Adding type registration string -> org.hibernate.type.StringType@3987966b
2020-07-15 18:35:31 DEBUG BasicTypeRegistry:156 - Adding type registration java.lang.String -> org.hibernate.type.StringType@3987966b
2020-07-15 18:35:31 DEBUG BasicTypeRegistry:156 - Adding type registration nstring -> org.hibernate.type.StringNVarcharType@25d7f43
2020-07-15 18:35:31 DEBUG BasicTypeRegistry:156 - Adding type registration ncharacter -> org.hibernate.type.CharacterNCharType@47d851fe
2020-07-15 18:35:31 DEBUG BasicTypeRegistry:156 - Adding type registration url -> org.hibernate.type.UrlType@1b973f9d
2020-07-15 18:35:31 DEBUG BasicTypeRegistry:156 - Adding type registration java.net.URL -> org.hibernate.type.UrlType@1b973f9d
2020-07-15 18:35:31 DEBUG BasicTypeRegistry:156 - Adding type registration Duration -> org.hibernate.type.DurationType@61b69740
2020-07-15 18:35:31 DEBUG BasicTypeRegistry:156 - Adding type registration java.time.Duration -> org.hibernate.type.DurationType@61b69740
2020-07-15 18:35:31 DEBUG BasicTypeRegistry:156 - Adding type registration Instant -> org.hibernate.type.InstantType@3cb29ab3
2020-07-15 18:35:31 DEBUG BasicTypeRegistry:156 - Adding type registration java.time.Instant -> org.hibernate.type.InstantType@3cb29ab3
2020-07-15 18:35:31 DEBUG BasicTypeRegistry:156 - Adding type registration LocalDateTime -> org.hibernate.type.LocalDateTimeType@73005876
2020-07-15 18:35:31 DEBUG BasicTypeRegistry:156 - Adding type registration java.time.LocalDateTime -> org.hibernate.type.LocalDateTimeType@73005876
2020-07-15 18:35:31 DEBUG BasicTypeRegistry:156 - Adding type registration LocalDate -> org.hibernate.type.LocalDateType@33e6078d
2020-07-15 18:35:31 DEBUG BasicTypeRegistry:156 - Adding type registration java.time.LocalDate -> org.hibernate.type.LocalDateType@33e6078d
2020-07-15 18:35:31 DEBUG BasicTypeRegistry:156 - Adding type registration LocalTime -> org.hibernate.type.LocalTimeType@53437f4b
2020-07-15 18:35:31 DEBUG BasicTypeRegistry:156 - Adding type registration java.time.LocalTime -> org.hibernate.type.LocalTimeType@53437f4b
2020-07-15 18:35:31 DEBUG BasicTypeRegistry:156 - Adding type registration OffsetDateTime -> org.hibernate.type.OffsetDateTimeType@688c6506
2020-07-15 18:35:31 DEBUG BasicTypeRegistry:156 - Adding type registration java.time.OffsetDateTime -> org.hibernate.type.OffsetDateTimeType@688c6506
2020-07-15 18:35:31 DEBUG BasicTypeRegistry:156 - Adding type registration OffsetTime -> org.hibernate.type.OffsetTimeType@2e8ada12
2020-07-15 18:35:31 DEBUG BasicTypeRegistry:156 - Adding type registration java.time.OffsetTime -> org.hibernate.type.OffsetTimeType@2e8ada12
2020-07-15 18:35:31 DEBUG BasicTypeRegistry:156 - Adding type registration ZonedDateTime -> org.hibernate.type.ZonedDateTimeType@38a03ae9
2020-07-15 18:35:31 DEBUG BasicTypeRegistry:156 - Adding type registration java.time.ZonedDateTime -> org.hibernate.type.ZonedDateTimeType@38a03ae9
2020-07-15 18:35:31 DEBUG BasicTypeRegistry:156 - Adding type registration date -> org.hibernate.type.DateType@2bf67990
2020-07-15 18:35:31 DEBUG BasicTypeRegistry:156 - Adding type registration java.sql.Date -> org.hibernate.type.DateType@2bf67990
2020-07-15 18:35:31 DEBUG BasicTypeRegistry:156 - Adding type registration time -> org.hibernate.type.TimeType@4f25cbc1
2020-07-15 18:35:31 DEBUG BasicTypeRegistry:156 - Adding type registration java.sql.Time -> org.hibernate.type.TimeType@4f25cbc1
2020-07-15 18:35:31 DEBUG BasicTypeRegistry:156 - Adding type registration timestamp -> org.hibernate.type.TimestampType@719b4d27
2020-07-15 18:35:31 DEBUG BasicTypeRegistry:156 - Adding type registration java.sql.Timestamp -> org.hibernate.type.TimestampType@719b4d27
2020-07-15 18:35:31 DEBUG BasicTypeRegistry:156 - Adding type registration java.util.Date -> org.hibernate.type.TimestampType@719b4d27
2020-07-15 18:35:31 DEBUG BasicTypeRegistry:156 - Adding type registration dbtimestamp -> org.hibernate.type.DbTimestampType@4543b3ce
2020-07-15 18:35:31 DEBUG BasicTypeRegistry:156 - Adding type registration calendar -> org.hibernate.type.CalendarType@5f5828da
2020-07-15 18:35:31 DEBUG BasicTypeRegistry:156 - Adding type registration java.util.Calendar -> org.hibernate.type.CalendarType@5f5828da
2020-07-15 18:35:31 DEBUG BasicTypeRegistry:156 - Adding type registration java.util.GregorianCalendar -> org.hibernate.type.CalendarType@5f5828da
2020-07-15 18:35:31 DEBUG BasicTypeRegistry:156 - Adding type registration calendar_date -> org.hibernate.type.CalendarDateType@70b4b03e
2020-07-15 18:35:31 DEBUG BasicTypeRegistry:156 - Adding type registration locale -> org.hibernate.type.LocaleType@4627308c
2020-07-15 18:35:31 DEBUG BasicTypeRegistry:156 - Adding type registration java.util.Locale -> org.hibernate.type.LocaleType@4627308c
2020-07-15 18:35:31 DEBUG BasicTypeRegistry:156 - Adding type registration currency -> org.hibernate.type.CurrencyType@78524226
2020-07-15 18:35:31 DEBUG BasicTypeRegistry:156 - Adding type registration java.util.Currency -> org.hibernate.type.CurrencyType@78524226
2020-07-15 18:35:31 DEBUG BasicTypeRegistry:156 - Adding type registration timezone -> org.hibernate.type.TimeZoneType@484be932
2020-07-15 18:35:31 DEBUG BasicTypeRegistry:156 - Adding type registration java.util.TimeZone -> org.hibernate.type.TimeZoneType@484be932
2020-07-15 18:35:31 DEBUG BasicTypeRegistry:156 - Adding type registration class -> org.hibernate.type.ClassType@1b7f236a
2020-07-15 18:35:31 DEBUG BasicTypeRegistry:156 - Adding type registration java.lang.Class -> org.hibernate.type.ClassType@1b7f236a
2020-07-15 18:35:31 DEBUG BasicTypeRegistry:156 - Adding type registration uuid-binary -> org.hibernate.type.UUIDBinaryType@2f41f780
2020-07-15 18:35:31 DEBUG BasicTypeRegistry:156 - Adding type registration java.util.UUID -> org.hibernate.type.UUIDBinaryType@2f41f780
2020-07-15 18:35:31 DEBUG BasicTypeRegistry:156 - Adding type registration uuid-char -> org.hibernate.type.UUIDCharType@31e31e81
2020-07-15 18:35:31 DEBUG BasicTypeRegistry:156 - Adding type registration binary -> org.hibernate.type.BinaryType@4ef6e071
2020-07-15 18:35:31 DEBUG BasicTypeRegistry:156 - Adding type registration byte[] -> org.hibernate.type.BinaryType@4ef6e071
2020-07-15 18:35:31 DEBUG BasicTypeRegistry:156 - Adding type registration [B -> org.hibernate.type.BinaryType@4ef6e071
2020-07-15 18:35:31 DEBUG BasicTypeRegistry:156 - Adding type registration wrapper-binary -> org.hibernate.type.WrapperBinaryType@59c324b0
2020-07-15 18:35:31 DEBUG BasicTypeRegistry:156 - Adding type registration Byte[] -> org.hibernate.type.WrapperBinaryType@59c324b0
2020-07-15 18:35:31 DEBUG BasicTypeRegistry:156 - Adding type registration [Ljava.lang.Byte; -> org.hibernate.type.WrapperBinaryType@59c324b0
2020-07-15 18:35:31 DEBUG BasicTypeRegistry:156 - Adding type registration row_version -> org.hibernate.type.RowVersionType@2f5651c3
2020-07-15 18:35:31 DEBUG BasicTypeRegistry:156 - Adding type registration image -> org.hibernate.type.ImageType@24100e27
2020-07-15 18:35:31 DEBUG BasicTypeRegistry:156 - Adding type registration characters -> org.hibernate.type.CharArrayType@6b690cd0
2020-07-15 18:35:31 DEBUG BasicTypeRegistry:156 - Adding type registration char[] -> org.hibernate.type.CharArrayType@6b690cd0
2020-07-15 18:35:31 DEBUG BasicTypeRegistry:156 - Adding type registration [C -> org.hibernate.type.CharArrayType@6b690cd0
2020-07-15 18:35:31 DEBUG BasicTypeRegistry:156 - Adding type registration wrapper-characters -> org.hibernate.type.CharacterArrayType@3aa4d8db
2020-07-15 18:35:31 DEBUG BasicTypeRegistry:156 - Adding type registration [Ljava.lang.Character; -> org.hibernate.type.CharacterArrayType@3aa4d8db
2020-07-15 18:35:31 DEBUG BasicTypeRegistry:156 - Adding type registration Character[] -> org.hibernate.type.CharacterArrayType@3aa4d8db
2020-07-15 18:35:31 DEBUG BasicTypeRegistry:156 - Adding type registration text -> org.hibernate.type.TextType@3650189c
2020-07-15 18:35:31 DEBUG BasicTypeRegistry:156 - Adding type registration ntext -> org.hibernate.type.NTextType@46788229
2020-07-15 18:35:31 DEBUG BasicTypeRegistry:156 - Adding type registration blob -> org.hibernate.type.BlobType@3051a842
2020-07-15 18:35:31 DEBUG BasicTypeRegistry:156 - Adding type registration java.sql.Blob -> org.hibernate.type.BlobType@3051a842
2020-07-15 18:35:31 DEBUG BasicTypeRegistry:156 - Adding type registration materialized_blob -> org.hibernate.type.MaterializedBlobType@61f59027
2020-07-15 18:35:31 DEBUG BasicTypeRegistry:156 - Adding type registration clob -> org.hibernate.type.ClobType@3b1a89bc
2020-07-15 18:35:31 DEBUG BasicTypeRegistry:156 - Adding type registration java.sql.Clob -> org.hibernate.type.ClobType@3b1a89bc
2020-07-15 18:35:31 DEBUG BasicTypeRegistry:156 - Adding type registration nclob -> org.hibernate.type.NClobType@79d1fb60
2020-07-15 18:35:31 DEBUG BasicTypeRegistry:156 - Adding type registration java.sql.NClob -> org.hibernate.type.NClobType@79d1fb60
2020-07-15 18:35:31 DEBUG BasicTypeRegistry:156 - Adding type registration materialized_clob -> org.hibernate.type.MaterializedClobType@55492b10
2020-07-15 18:35:31 DEBUG BasicTypeRegistry:156 - Adding type registration materialized_nclob -> org.hibernate.type.MaterializedNClobType@6c678455
2020-07-15 18:35:31 DEBUG BasicTypeRegistry:156 - Adding type registration serializable -> org.hibernate.type.SerializableType@5b9b2c4c
2020-07-15 18:35:31 DEBUG BasicTypeRegistry:156 - Adding type registration object -> org.hibernate.type.ObjectType@43bb6bac
2020-07-15 18:35:31 DEBUG BasicTypeRegistry:156 - Adding type registration java.lang.Object -> org.hibernate.type.ObjectType@43bb6bac
2020-07-15 18:35:31 DEBUG BasicTypeRegistry:156 - Adding type registration imm_date -> org.hibernate.type.AdaptedImmutableType@75d7be16
2020-07-15 18:35:31 DEBUG BasicTypeRegistry:156 - Adding type registration imm_time -> org.hibernate.type.AdaptedImmutableType@6d294d0b
2020-07-15 18:35:31 DEBUG BasicTypeRegistry:156 - Adding type registration imm_timestamp -> org.hibernate.type.AdaptedImmutableType@74cc3568
2020-07-15 18:35:31 DEBUG BasicTypeRegistry:156 - Adding type registration imm_dbtimestamp -> org.hibernate.type.AdaptedImmutableType@1b2b0f10
2020-07-15 18:35:31 DEBUG BasicTypeRegistry:156 - Adding type registration imm_calendar -> org.hibernate.type.AdaptedImmutableType@5344356d
2020-07-15 18:35:31 DEBUG BasicTypeRegistry:156 - Adding type registration imm_calendar_date -> org.hibernate.type.AdaptedImmutableType@74a27b1b
2020-07-15 18:35:31 DEBUG BasicTypeRegistry:156 - Adding type registration imm_binary -> org.hibernate.type.AdaptedImmutableType@61506792
2020-07-15 18:35:31 DEBUG BasicTypeRegistry:156 - Adding type registration imm_serializable -> org.hibernate.type.AdaptedImmutableType@22c0a727
2020-07-15 18:35:31 DEBUG DefaultIdentifierGeneratorFactory:81 - Registering IdentifierGenerator strategy [uuid2] -> [org.hibernate.id.UUIDGenerator]
2020-07-15 18:35:31 DEBUG DefaultIdentifierGeneratorFactory:81 - Registering IdentifierGenerator strategy [guid] -> [org.hibernate.id.GUIDGenerator]
2020-07-15 18:35:31 DEBUG DefaultIdentifierGeneratorFactory:81 - Registering IdentifierGenerator strategy [uuid] -> [org.hibernate.id.UUIDHexGenerator]
2020-07-15 18:35:31 DEBUG DefaultIdentifierGeneratorFactory:81 - Registering IdentifierGenerator strategy [uuid.hex] -> [org.hibernate.id.UUIDHexGenerator]
2020-07-15 18:35:31 DEBUG DefaultIdentifierGeneratorFactory:81 - Registering IdentifierGenerator strategy [assigned] -> [org.hibernate.id.Assigned]
2020-07-15 18:35:31 DEBUG DefaultIdentifierGeneratorFactory:81 - Registering IdentifierGenerator strategy [identity] -> [org.hibernate.id.IdentityGenerator]
2020-07-15 18:35:31 DEBUG DefaultIdentifierGeneratorFactory:81 - Registering IdentifierGenerator strategy [select] -> [org.hibernate.id.SelectGenerator]
2020-07-15 18:35:31 DEBUG DefaultIdentifierGeneratorFactory:81 - Registering IdentifierGenerator strategy [sequence] -> [org.hibernate.id.enhanced.SequenceStyleGenerator]
2020-07-15 18:35:31 DEBUG DefaultIdentifierGeneratorFactory:81 - Registering IdentifierGenerator strategy [seqhilo] -> [org.hibernate.id.SequenceHiLoGenerator]
2020-07-15 18:35:31 DEBUG DefaultIdentifierGeneratorFactory:81 - Registering IdentifierGenerator strategy [increment] -> [org.hibernate.id.IncrementGenerator]
2020-07-15 18:35:31 DEBUG DefaultIdentifierGeneratorFactory:81 - Registering IdentifierGenerator strategy [foreign] -> [org.hibernate.id.ForeignGenerator]
2020-07-15 18:35:31 DEBUG DefaultIdentifierGeneratorFactory:81 - Registering IdentifierGenerator strategy [sequence-identity] -> [org.hibernate.id.SequenceIdentityGenerator]
2020-07-15 18:35:31 DEBUG DefaultIdentifierGeneratorFactory:81 - Registering IdentifierGenerator strategy [enhanced-sequence] -> [org.hibernate.id.enhanced.SequenceStyleGenerator]
2020-07-15 18:35:31 DEBUG DefaultIdentifierGeneratorFactory:81 - Registering IdentifierGenerator strategy [enhanced-table] -> [org.hibernate.id.enhanced.TableGenerator]
2020-07-15 18:35:31 WARN  pooling:72 - HHH10001002: Using Hibernate built-in connection pool (not for production use!)
2020-07-15 18:35:31 INFO  pooling:115 - HHH10001005: using driver [com.mysql.cj.jdbc.Driver] at URL [jdbc:mysql://localhost:3306/java_pacman_ranking?useLegacyDatetimeCode=false&serverTimezone=Europe/Warsaw]
2020-07-15 18:35:31 INFO  pooling:121 - HHH10001001: Connection properties: {user=root, password=Himalaje.99}
2020-07-15 18:35:31 INFO  pooling:129 - HHH10001003: Autocommit mode: false
2020-07-15 18:35:31 DEBUG DriverManagerConnectionProviderImpl:384 - Initializing Connection pool with 1 Connections
2020-07-15 18:35:31 INFO  DriverManagerConnectionProviderImpl:249 - HHH000115: Hibernate connection pool size: 20 (min=1)
2020-07-15 18:35:31 DEBUG JdbcEnvironmentInitiator:72 - Database ->
       name : MySQL
    version : 8.0.21
      major : 8
      minor : 0
2020-07-15 18:35:31 DEBUG JdbcEnvironmentInitiator:83 - Driver ->
       name : MySQL Connector/J
    version : mysql-connector-java-8.0.20 (Revision: afc0a13cd3c5a0bf57eaa809ee0ee6df1fd5ac9b)
      major : 8
      minor : 0
2020-07-15 18:35:31 DEBUG JdbcEnvironmentInitiator:389 - JDBC version : 4.2
2020-07-15 18:35:31 INFO  Dialect:172 - HHH000400: Using dialect: org.hibernate.dialect.MySQL5Dialect
2020-07-15 18:35:31 DEBUG IdentifierHelperBuilder:113 - JDBC driver metadata reported database stores quoted identifiers in more than one case
2020-07-15 18:35:31 DEBUG IdentifierHelperBuilder:187 - IdentifierCaseStrategy for both quoted and unquoted identifiers was set to the same strategy [LOWER]; that will likely lead to problems in schema update and validation if using quoted identifiers
2020-07-15 18:35:31 DEBUG Namespace:51 - Created database namespace [logicalName=Name{catalog=null, schema=null}, physicalName=Name{catalog=null, schema=null}]
2020-07-15 18:35:31 DEBUG TypeConfiguration$Scope:152 - Scoping TypeConfiguration [org.hibernate.type.spi.TypeConfiguration@32018571] to MetadataBuildingContext [org.hibernate.boot.internal.MetadataBuildingContextRootImpl@4e1ee226]
2020-07-15 18:35:31 DEBUG AnnotationBinder:557 - Binding entity from annotated class: pl.sokol.pacman.database.domain.Ranking
2020-07-15 18:35:31 DEBUG Ejb3Column:213 - Binding column: Ejb3DiscriminatorColumn{logicalColumnName'DTYPE', discriminatorTypeName='string'}
2020-07-15 18:35:31 DEBUG EntityBinder:430 - Import with entity name Ranking
2020-07-15 18:35:31 DEBUG EntityBinder:873 - Bind entity pl.sokol.pacman.database.domain.Ranking on table Ranking
2020-07-15 18:35:31 DEBUG Ejb3Column:213 - Binding column: Ejb3Column{table=org.hibernate.mapping.Table(Ranking), mappingColumn=id, insertable=true, updatable=true, unique=true}
2020-07-15 18:35:31 DEBUG PropertyBinder:175 - MetadataSourceProcessor property id with lazy=false
2020-07-15 18:35:31 DEBUG AbstractPropertyHolder:94 - Attempting to locate auto-apply AttributeConverter for property [pl.sokol.pacman.database.domain.Ranking:id]
2020-07-15 18:35:31 DEBUG SimpleValueBinder:411 - building SimpleValue for id
2020-07-15 18:35:31 DEBUG PropertyBinder:266 - Building property id
2020-07-15 18:35:31 DEBUG BinderHelper:644 - #makeIdGenerator(org.hibernate.mapping.SimpleValue([org.hibernate.mapping.Column(id)]), id, identity, , ...)
2020-07-15 18:35:31 DEBUG Ejb3Column:213 - Binding column: Ejb3Column{table=org.hibernate.mapping.Table(Ranking), mappingColumn=date, insertable=true, updatable=true, unique=false}
2020-07-15 18:35:31 DEBUG PropertyBinder:175 - MetadataSourceProcessor property date with lazy=false
2020-07-15 18:35:31 DEBUG AbstractPropertyHolder:94 - Attempting to locate auto-apply AttributeConverter for property [pl.sokol.pacman.database.domain.Ranking:date]
2020-07-15 18:35:31 DEBUG SimpleValueBinder:411 - building SimpleValue for date
2020-07-15 18:35:31 DEBUG PropertyBinder:266 - Building property date
2020-07-15 18:35:31 DEBUG Ejb3Column:213 - Binding column: Ejb3Column{table=org.hibernate.mapping.Table(Ranking), mappingColumn=nick, insertable=true, updatable=true, unique=false}
2020-07-15 18:35:31 DEBUG PropertyBinder:175 - MetadataSourceProcessor property nick with lazy=false
2020-07-15 18:35:31 DEBUG AbstractPropertyHolder:94 - Attempting to locate auto-apply AttributeConverter for property [pl.sokol.pacman.database.domain.Ranking:nick]
2020-07-15 18:35:31 DEBUG SimpleValueBinder:411 - building SimpleValue for nick
2020-07-15 18:35:31 DEBUG PropertyBinder:266 - Building property nick
2020-07-15 18:35:31 DEBUG Ejb3Column:213 - Binding column: Ejb3Column{table=org.hibernate.mapping.Table(Ranking), mappingColumn=points, insertable=true, updatable=true, unique=false}
2020-07-15 18:35:31 DEBUG PropertyBinder:175 - MetadataSourceProcessor property points with lazy=false
2020-07-15 18:35:31 DEBUG AbstractPropertyHolder:94 - Attempting to locate auto-apply AttributeConverter for property [pl.sokol.pacman.database.domain.Ranking:points]
2020-07-15 18:35:31 DEBUG SimpleValueBinder:411 - building SimpleValue for points
2020-07-15 18:35:31 DEBUG PropertyBinder:266 - Building property points
2020-07-15 18:35:31 DEBUG SimpleValueBinder:456 - Starting fillSimpleValue for id
2020-07-15 18:35:31 DEBUG SimpleValueBinder:456 - Starting fillSimpleValue for date
2020-07-15 18:35:31 DEBUG SimpleValueBinder:456 - Starting fillSimpleValue for nick
2020-07-15 18:35:31 DEBUG SimpleValueBinder:456 - Starting fillSimpleValue for points
2020-07-15 18:35:31 DEBUG PrimaryKey:35 - Forcing column [id] to be non-null as it is part of the primary key for table [ranking]
2020-07-15 18:35:31 DEBUG SessionFactoryImpl:207 - Building session factory
2020-07-15 18:35:31 DEBUG Settings:68 - SessionFactory name : null
2020-07-15 18:35:31 DEBUG Settings:69 - Automatic flush during beforeCompletion(): enabled
2020-07-15 18:35:31 DEBUG Settings:70 - Automatic session close at end of transaction: disabled
2020-07-15 18:35:31 DEBUG Settings:72 - Statistics: disabled
2020-07-15 18:35:31 DEBUG Settings:74 - Deleted entity synthetic identifier rollback: disabled
2020-07-15 18:35:31 DEBUG Settings:75 - Default entity-mode: pojo
2020-07-15 18:35:31 DEBUG Settings:76 - Check Nullability in Core (should be disabled when Bean Validation is on): enabled
2020-07-15 18:35:31 DEBUG Settings:77 - Allow initialization of lazy state outside session : disabled
2020-07-15 18:35:31 DEBUG Settings:79 - Using BatchFetchStyle : LEGACY
2020-07-15 18:35:31 DEBUG Settings:80 - Default batch fetch size: -1
2020-07-15 18:35:31 DEBUG Settings:81 - Maximum outer join fetch depth: 2
2020-07-15 18:35:31 DEBUG Settings:82 - Default null ordering: NONE
2020-07-15 18:35:31 DEBUG Settings:83 - Order SQL updates by primary key: disabled
2020-07-15 18:35:31 DEBUG Settings:84 - Order SQL inserts for batching: disabled
2020-07-15 18:35:31 DEBUG Settings:86 - multi-tenancy strategy : NONE
2020-07-15 18:35:31 DEBUG Settings:88 - JTA Track by Thread: enabled
2020-07-15 18:35:31 DEBUG Settings:90 - Query language substitutions: {}
2020-07-15 18:35:31 DEBUG Settings:91 - Named query checking : enabled
2020-07-15 18:35:31 DEBUG Settings:93 - Second-level cache: disabled
2020-07-15 18:35:31 DEBUG Settings:94 - Second-level query cache: disabled
2020-07-15 18:35:31 DEBUG Settings:95 - Second-level query cache factory: null
2020-07-15 18:35:31 DEBUG Settings:96 - Second-level cache region prefix: null
2020-07-15 18:35:31 DEBUG Settings:97 - Optimize second-level cache for minimal puts: disabled
2020-07-15 18:35:31 DEBUG Settings:98 - Structured second-level cache entries: disabled
2020-07-15 18:35:31 DEBUG Settings:99 - Second-level cache direct-reference entries: disabled
2020-07-15 18:35:31 DEBUG Settings:100 - Automatic eviction of collection cache: disabled
2020-07-15 18:35:31 DEBUG Settings:102 - JDBC batch size: 15
2020-07-15 18:35:31 DEBUG Settings:103 - JDBC batch updates for versioned data: enabled
2020-07-15 18:35:31 DEBUG Settings:104 - Scrollable result sets: enabled
2020-07-15 18:35:31 DEBUG Settings:105 - Wrap result sets: disabled
2020-07-15 18:35:31 DEBUG Settings:106 - JDBC3 getGeneratedKeys(): enabled
2020-07-15 18:35:31 DEBUG Settings:107 - JDBC result set fetch size: null
2020-07-15 18:35:31 DEBUG Settings:108 - Connection release mode: AFTER_TRANSACTION
2020-07-15 18:35:31 DEBUG Settings:109 - Generate SQL with comments: disabled
2020-07-15 18:35:31 DEBUG Settings:111 - JPA compliance - query : disabled
2020-07-15 18:35:31 DEBUG Settings:112 - JPA compliance - closed-handling : disabled
2020-07-15 18:35:31 DEBUG Settings:113 - JPA compliance - lists : disabled
2020-07-15 18:35:31 DEBUG Settings:114 - JPA compliance - transactions : disabled
2020-07-15 18:35:31 DEBUG SessionFactoryImpl:262 - Session factory constructed with filter configurations : {}
2020-07-15 18:35:31 DEBUG SessionFactoryImpl:263 - Instantiating session factory with properties: {sun.desktop=windows, awt.toolkit=sun.awt.windows.WToolkit, file.encoding.pkg=sun.io, java.specification.version=1.8, sun.cpu.isalist=amd64, sun.jnu.encoding=Cp1250, hibernate.dialect=org.hibernate.dialect.MySQL5Dialect, sun.awt.enableExtraMouseButtons=true, java.class.path=C:\Program Files\Java\jdk1.8.0_231\jre\lib\charsets.jar;C:\Program Files\Java\jdk1.8.0_231\jre\lib\deploy.jar;C:\Program Files\Java\jdk1.8.0_231\jre\lib\ext\access-bridge-64.jar;C:\Program Files\Java\jdk1.8.0_231\jre\lib\ext\cldrdata.jar;C:\Program Files\Java\jdk1.8.0_231\jre\lib\ext\dnsns.jar;C:\Program Files\Java\jdk1.8.0_231\jre\lib\ext\jaccess.jar;C:\Program Files\Java\jdk1.8.0_231\jre\lib\ext\jfxrt.jar;C:\Program Files\Java\jdk1.8.0_231\jre\lib\ext\localedata.jar;C:\Program Files\Java\jdk1.8.0_231\jre\lib\ext\nashorn.jar;C:\Program Files\Java\jdk1.8.0_231\jre\lib\ext\sunec.jar;C:\Program Files\Java\jdk1.8.0_231\jre\lib\ext\sunjce_provider.jar;C:\Program Files\Java\jdk1.8.0_231\jre\lib\ext\sunmscapi.jar;C:\Program Files\Java\jdk1.8.0_231\jre\lib\ext\sunpkcs11.jar;C:\Program Files\Java\jdk1.8.0_231\jre\lib\ext\zipfs.jar;C:\Program Files\Java\jdk1.8.0_231\jre\lib\javaws.jar;C:\Program Files\Java\jdk1.8.0_231\jre\lib\jce.jar;C:\Program Files\Java\jdk1.8.0_231\jre\lib\jfr.jar;C:\Program Files\Java\jdk1.8.0_231\jre\lib\jfxswt.jar;C:\Program Files\Java\jdk1.8.0_231\jre\lib\jsse.jar;C:\Program Files\Java\jdk1.8.0_231\jre\lib\management-agent.jar;C:\Program Files\Java\jdk1.8.0_231\jre\lib\plugin.jar;C:\Program Files\Java\jdk1.8.0_231\jre\lib\resources.jar;C:\Program Files\Java\jdk1.8.0_231\jre\lib\rt.jar;C:\Users\asus1\.m2\repository\log4j\log4j\1.2.17\log4j-1.2.17.jar;C:\Users\asus1\OneDrive\Pulpit\Studia\SEM4\JTP\Projekt\Project\target\classes;C:\Users\asus1\.m2\repository\com\google\code\gson\gson\2.8.6\gson-2.8.6.jar;C:\Users\asus1\.m2\repository\mysql\mysql-connector-java\8.0.20\mysql-connector-java-8.0.20.jar;C:\Users\asus1\.m2\repository\com\google\protobuf\protobuf-java\3.6.1\protobuf-java-3.6.1.jar;C:\Users\asus1\.m2\repository\org\hibernate\hibernate-core\5.4.10.Final\hibernate-core-5.4.10.Final.jar;C:\Users\asus1\.m2\repository\org\jboss\logging\jboss-logging\3.3.2.Final\jboss-logging-3.3.2.Final.jar;C:\Users\asus1\.m2\repository\javax\persistence\javax.persistence-api\2.2\javax.persistence-api-2.2.jar;C:\Users\asus1\.m2\repository\org\javassist\javassist\3.24.0-GA\javassist-3.24.0-GA.jar;C:\Users\asus1\.m2\repository\net\bytebuddy\byte-buddy\1.10.2\byte-buddy-1.10.2.jar;C:\Users\asus1\.m2\repository\antlr\antlr\2.7.7\antlr-2.7.7.jar;C:\Users\asus1\.m2\repository\org\jboss\spec\javax\transaction\jboss-transaction-api_1.2_spec\1.1.1.Final\jboss-transaction-api_1.2_spec-1.1.1.Final.jar;C:\Users\asus1\.m2\repository\org\jboss\jandex\2.1.1.Final\jandex-2.1.1.Final.jar;C:\Users\asus1\.m2\repository\com\fasterxml\classmate\1.5.1\classmate-1.5.1.jar;C:\Users\asus1\.m2\repository\javax\activation\javax.activation-api\1.2.0\javax.activation-api-1.2.0.jar;C:\Users\asus1\.m2\repository\org\dom4j\dom4j\2.1.1\dom4j-2.1.1.jar;C:\Users\asus1\.m2\repository\org\hibernate\common\hibernate-commons-annotations\5.1.0.Final\hibernate-commons-annotations-5.1.0.Final.jar;C:\Users\asus1\.m2\repository\javax\xml\bind\jaxb-api\2.3.1\jaxb-api-2.3.1.jar;C:\Users\asus1\.m2\repository\org\glassfish\jaxb\jaxb-runtime\2.3.1\jaxb-runtime-2.3.1.jar;C:\Users\asus1\.m2\repository\org\glassfish\jaxb\txw2\2.3.1\txw2-2.3.1.jar;C:\Users\asus1\.m2\repository\com\sun\istack\istack-commons-runtime\3.0.7\istack-commons-runtime-3.0.7.jar;C:\Users\asus1\.m2\repository\org\jvnet\staxex\stax-ex\1.8\stax-ex-1.8.jar;C:\Users\asus1\.m2\repository\com\sun\xml\fastinfoset\FastInfoset\1.2.15\FastInfoset-1.2.15.jar;C:\Program Files\JetBrains\IntelliJ IDEA Community Edition 2019.2.3\lib\idea_rt.jar, java.vm.vendor=Oracle Corporation, sun.arch.data.model=64, user.variant=, java.vendor.url=http://java.oracle.com/, user.timezone=Europe/Belgrade, os.name=Windows 10, java.vm.specification.version=1.8, user.country=PL, sun.java.launcher=SUN_STANDARD, sun.boot.library.path=C:\Program Files\Java\jdk1.8.0_231\jre\bin, sun.java.command=pl.sokol.pacman.Main, sun.cpu.endian=little, user.home=C:\Users\asus1, user.language=pl, java.specification.vendor=Oracle Corporation, java.home=C:\Program Files\Java\jdk1.8.0_231\jre, file.separator=\, line.separator=
, java.vm.specification.vendor=Oracle Corporation, java.specification.name=Java Platform API Specification, java.awt.graphicsenv=sun.awt.Win32GraphicsEnvironment, sun.boot.class.path=C:\Program Files\Java\jdk1.8.0_231\jre\lib\resources.jar;C:\Program Files\Java\jdk1.8.0_231\jre\lib\rt.jar;C:\Program Files\Java\jdk1.8.0_231\jre\lib\sunrsasign.jar;C:\Program Files\Java\jdk1.8.0_231\jre\lib\jsse.jar;C:\Program Files\Java\jdk1.8.0_231\jre\lib\jce.jar;C:\Program Files\Java\jdk1.8.0_231\jre\lib\charsets.jar;C:\Program Files\Java\jdk1.8.0_231\jre\lib\jfr.jar;C:\Program Files\Java\jdk1.8.0_231\jre\classes, hibernate.hbm2ddl.auto=update, user.script=, sun.management.compiler=HotSpot 64-Bit Tiered Compilers, java.runtime.version=1.8.0_231-b11, user.name=asus1, path.separator=;, hibernate.connection.username=****, os.version=10.0, java.endorsed.dirs=C:\Program Files\Java\jdk1.8.0_231\jre\lib\endorsed, java.runtime.name=Java(TM) SE Runtime Environment, hibernate.connection.url=jdbc:mysql://localhost:3306/java_pacman_ranking?useLegacyDatetimeCode=false&serverTimezone=Europe/Warsaw, file.encoding=UTF-8, java.vm.name=Java HotSpot(TM) 64-Bit Server VM, hibernate.connection.driver_class=com.mysql.cj.jdbc.Driver, java.vendor.url.bug=http://bugreport.sun.com/bugreport/, java.io.tmpdir=C:\Users\asus1\AppData\Local\Temp\, java.version=1.8.0_231, user.dir=C:\Users\asus1\OneDrive\Pulpit\Studia\SEM4\JTP\Projekt\Project\src\main\java\pl\sokol\pacman, os.arch=amd64, java.vm.specification.name=Java Virtual Machine Specification, hibernate.connection.password=****, java.awt.printerjob=sun.awt.windows.WPrinterJob, sun.os.patch.level=, hibernate.boot.CfgXmlAccessService.key=org.hibernate.boot.cfgxml.spi.LoadedConfig@2c71dd63, java.library.path=C:\Program Files\Java\jdk1.8.0_231\bin;C:\WINDOWS\Sun\Java\bin;C:\WINDOWS\system32;C:\WINDOWS;C:\Program Files (x86)\Common Files\Oracle\Java\javapath;C:\Windows\system32;C:\Windows;C:\Windows\System32\Wbem;C:\Windows\System32\WindowsPowerShell\v1.0\;C:\Windows\System32\OpenSSH\;C:\Program Files (x86)\NVIDIA Corporation\PhysX\Common;C:\Program Files\dotnet\;C:\Program Files\Git\cmd;C:\Program Files (x86)\Intel\Intel(R) Management Engine Components\DAL;C:\Program Files\Intel\Intel(R) Management Engine Components\DAL;C:\WINDOWS\system32;C:\WINDOWS;C:\WINDOWS\System32\Wbem;C:\WINDOWS\System32\WindowsPowerShell\v1.0\;C:\WINDOWS\System32\OpenSSH\;C:\Program Files\MySQL\MySQL Shell 8.0\bin\;C:\Users\asus1\AppData\Local\Microsoft\WindowsApps;;C:\Program Files (x86)\IntelliJ IDEA Community Edition 2019.2.3\bin;;C:\Program Files\JetBrains\PyCharm 2019.2.5\bin;;., java.vm.info=mixed mode, java.vendor=Oracle Corporation, java.vm.version=25.231-b11, hibernate.bytecode.use_reflection_optimizer=false, java.ext.dirs=C:\Program Files\Java\jdk1.8.0_231\jre\lib\ext;C:\WINDOWS\Sun\Java\lib\ext, sun.io.unicode.encoding=UnicodeLittle, java.class.version=52.0}
2020-07-15 18:35:31 DEBUG JaccIntegrator:80 - Skipping JACC integration as it was not enabled
2020-07-15 18:35:31 DEBUG SessionFactoryImpl:302 - Instantiated session factory
2020-07-15 18:35:31 DEBUG TypeConfiguration$Scope:157 - Scoping TypeConfiguration [org.hibernate.type.spi.TypeConfiguration@32018571] to SessionFactoryImpl [org.hibernate.internal.SessionFactoryImpl@44b1e9a4]
2020-07-15 18:35:31 DEBUG ClassLoaderAccessImpl:60 - Not known whether passed class name [pl.sokol.pacman.database.domain.Ranking] is safe
2020-07-15 18:35:31 DEBUG ClassLoaderAccessImpl:62 - No temp ClassLoader provided; using live ClassLoader for loading potentially unsafe class : pl.sokol.pacman.database.domain.Ranking
2020-07-15 18:35:31 DEBUG ClassLoaderAccessImpl:60 - Not known whether passed class name [pl.sokol.pacman.database.domain.Ranking] is safe
2020-07-15 18:35:31 DEBUG ClassLoaderAccessImpl:62 - No temp ClassLoader provided; using live ClassLoader for loading potentially unsafe class : pl.sokol.pacman.database.domain.Ranking
2020-07-15 18:35:32 DEBUG AbstractEntityPersister:3847 - Static SQL for entity: pl.sokol.pacman.database.domain.Ranking
2020-07-15 18:35:32 DEBUG AbstractEntityPersister:3852 -  Version select: select id from Ranking where id =?
2020-07-15 18:35:32 DEBUG AbstractEntityPersister:3855 -  Snapshot select: select ranking_.id, ranking_.date as date2_0_, ranking_.nick as nick3_0_, ranking_.points as points4_0_ from Ranking ranking_ where ranking_.id=?
2020-07-15 18:35:32 DEBUG AbstractEntityPersister:394 -  Insert 0: insert into Ranking (date, nick, points, id) values (?, ?, ?, ?)
2020-07-15 18:35:32 DEBUG AbstractEntityPersister:394 -  Update 0: update Ranking set date=?, nick=?, points=? where id=?
2020-07-15 18:35:32 DEBUG AbstractEntityPersister:394 -  Delete 0: delete from Ranking where id=?
2020-07-15 18:35:32 DEBUG AbstractEntityPersister:3863 -  Identity insert: insert into Ranking (date, nick, points) values (?, ?, ?)
2020-07-15 18:35:32 DEBUG QuerySpacesImpl:174 - Adding QuerySpace : uid = <gen:0> -> org.hibernate.loader.plan.build.internal.spaces.EntityQuerySpaceImpl@1a95eed6]
2020-07-15 18:35:32 DEBUG MetamodelGraphWalker:146 - Visiting attribute path : date
2020-07-15 18:35:32 DEBUG MetamodelGraphWalker:146 - Visiting attribute path : nick
2020-07-15 18:35:32 DEBUG MetamodelGraphWalker:146 - Visiting attribute path : points
2020-07-15 18:35:32 DEBUG FetchStyleLoadPlanBuildingAssociationVisitationStrategy:150 - Building LoadPlan...
2020-07-15 18:35:32 DEBUG LoadQueryJoinAndFetchProcessor:102 - processing queryspace <gen:0>
2020-07-15 18:35:32 DEBUG LoadPlanTreePrinter:55 - LoadPlan(entity=pl.sokol.pacman.database.domain.Ranking)
    - Returns
       - EntityReturnImpl(entity=pl.sokol.pacman.database.domain.Ranking, querySpaceUid=<gen:0>, path=pl.sokol.pacman.database.domain.Ranking)
    - QuerySpaces
       - EntityQuerySpaceImpl(uid=<gen:0>, entity=pl.sokol.pacman.database.domain.Ranking)
          - SQL table alias mapping - ranking0_
          - alias suffix - 0_
          - suffixed key columns - {id1_0_0_}

2020-07-15 18:35:32 DEBUG EntityLoader:137 - Static select for entity pl.sokol.pacman.database.domain.Ranking [NONE]: select ranking0_.id as id1_0_0_, ranking0_.date as date2_0_0_, ranking0_.nick as nick3_0_0_, ranking0_.points as points4_0_0_ from Ranking ranking0_ where ranking0_.id=?
2020-07-15 18:35:32 DEBUG QuerySpacesImpl:174 - Adding QuerySpace : uid = <gen:0> -> org.hibernate.loader.plan.build.internal.spaces.EntityQuerySpaceImpl@447c9148]
2020-07-15 18:35:32 DEBUG MetamodelGraphWalker:146 - Visiting attribute path : date
2020-07-15 18:35:32 DEBUG MetamodelGraphWalker:146 - Visiting attribute path : nick
2020-07-15 18:35:32 DEBUG MetamodelGraphWalker:146 - Visiting attribute path : points
2020-07-15 18:35:32 DEBUG FetchStyleLoadPlanBuildingAssociationVisitationStrategy:150 - Building LoadPlan...
2020-07-15 18:35:32 DEBUG LoadQueryJoinAndFetchProcessor:102 - processing queryspace <gen:0>
2020-07-15 18:35:32 DEBUG LoadPlanTreePrinter:55 - LoadPlan(entity=pl.sokol.pacman.database.domain.Ranking)
    - Returns
       - EntityReturnImpl(entity=pl.sokol.pacman.database.domain.Ranking, querySpaceUid=<gen:0>, path=pl.sokol.pacman.database.domain.Ranking)
    - QuerySpaces
       - EntityQuerySpaceImpl(uid=<gen:0>, entity=pl.sokol.pacman.database.domain.Ranking)
          - SQL table alias mapping - ranking0_
          - alias suffix - 0_
          - suffixed key columns - {id1_0_0_}

2020-07-15 18:35:32 DEBUG EntityLoader:137 - Static select for entity pl.sokol.pacman.database.domain.Ranking [READ]: select ranking0_.id as id1_0_0_, ranking0_.date as date2_0_0_, ranking0_.nick as nick3_0_0_, ranking0_.points as points4_0_0_ from Ranking ranking0_ where ranking0_.id=?
2020-07-15 18:35:32 DEBUG Loader:38 - Static select for action ACTION_MERGE on entity pl.sokol.pacman.database.domain.Ranking: select ranking0_.id as id1_0_0_, ranking0_.date as date2_0_0_, ranking0_.nick as nick3_0_0_, ranking0_.points as points4_0_0_ from Ranking ranking0_ where ranking0_.id=?
2020-07-15 18:35:32 DEBUG Loader:38 - Static select for action ACTION_REFRESH on entity pl.sokol.pacman.database.domain.Ranking: select ranking0_.id as id1_0_0_, ranking0_.date as date2_0_0_, ranking0_.nick as nick3_0_0_, ranking0_.points as points4_0_0_ from Ranking ranking0_ where ranking0_.id=?
2020-07-15 18:35:32 INFO  access:47 - HHH10001501: Connection obtained from JdbcConnectionAccess [org.hibernate.engine.jdbc.env.internal.JdbcEnvironmentInitiator$ConnectionProviderJdbcConnectionAccess@34d29a2f] for (non-JTA) DDL execution was not in auto-commit mode; the Connection 'local transaction' will be committed and the Connection will be set into auto-commit mode.
2020-07-15 18:35:32 DEBUG Table:516 - No alter strings for table : Ranking
2020-07-15 18:35:32 DEBUG JtaPlatformInitiator:43 - No JtaPlatform was specified, checking resolver
2020-07-15 18:35:32 DEBUG JtaPlatformResolverInitiator:33 - No JtaPlatformResolver was specified, using default [org.hibernate.engine.transaction.jta.platform.internal.StandardJtaPlatformResolver]
2020-07-15 18:35:32 DEBUG StandardJtaPlatformResolver:137 - Could not resolve JtaPlatform, using default [org.hibernate.engine.transaction.jta.platform.internal.NoJtaPlatform]
2020-07-15 18:35:32 INFO  JtaPlatformInitiator:52 - HHH000490: Using JtaPlatform implementation: [org.hibernate.engine.transaction.jta.platform.internal.NoJtaPlatform]
2020-07-15 18:35:32 DEBUG NamedQueryRepository:151 - Checking 0 named HQL queries
2020-07-15 18:35:32 DEBUG NamedQueryRepository:167 - Checking 0 named SQL queries
2020-07-15 18:35:32 DEBUG SessionFactoryRegistry:52 - Initializing SessionFactoryRegistry : org.hibernate.internal.SessionFactoryRegistry@74ed05d6
2020-07-15 18:35:32 DEBUG SessionFactoryRegistry:74 - Registering SessionFactory: 2a229cf9-f925-44da-85a4-8666a832844c (java_pacman_ranking)
2020-07-15 18:35:32 DEBUG SessionFactoryRegistry:85 - Attempting to bind SessionFactory [java_pacman_ranking] to JNDI
2020-07-15 18:35:32 WARN  SessionFactoryRegistry:101 - HHH000277: Could not bind factory to JNDI
org.hibernate.engine.jndi.JndiException: Error parsing JNDI name [java_pacman_ranking]
	at org.hibernate.engine.jndi.internal.JndiServiceImpl.parseName(JndiServiceImpl.java:124)
	at org.hibernate.engine.jndi.internal.JndiServiceImpl.bind(JndiServiceImpl.java:140)
	at org.hibernate.internal.SessionFactoryRegistry.addSessionFactory(SessionFactoryRegistry.java:88)
	at org.hibernate.internal.SessionFactoryImpl.<init>(SessionFactoryImpl.java:388)
	at org.hibernate.boot.internal.SessionFactoryBuilderImpl.build(SessionFactoryBuilderImpl.java:462)
	at org.hibernate.cfg.Configuration.buildSessionFactory(Configuration.java:708)
	at org.hibernate.cfg.Configuration.buildSessionFactory(Configuration.java:724)
	at pl.sokol.pacman.database.HibernateFactory.getSessionFactory(HibernateFactory.java:9)
	at pl.sokol.pacman.database.dao.RankingDao.<init>(RankingDao.java:22)
	at pl.sokol.pacman.gui.panels.ranking.RankingPanelController.initRankingPanel(RankingPanelController.java:30)
	at pl.sokol.pacman.gui.panels.ranking.RankingPanelController.<init>(RankingPanelController.java:22)
	at pl.sokol.pacman.gui.frame.GameFrameController.showRanking(GameFrameController.java:122)
	at pl.sokol.pacman.gui.panels.menu.MenuPanelController.lambda$initListeners$4(MenuPanelController.java:28)
	at javax.swing.AbstractButton.fireActionPerformed(AbstractButton.java:2022)
	at javax.swing.AbstractButton$Handler.actionPerformed(AbstractButton.java:2348)
	at javax.swing.DefaultButtonModel.fireActionPerformed(DefaultButtonModel.java:402)
	at javax.swing.DefaultButtonModel.setPressed(DefaultButtonModel.java:259)
	at javax.swing.plaf.basic.BasicButtonListener.mouseReleased(BasicButtonListener.java:252)
	at java.awt.Component.processMouseEvent(Component.java:6539)
	at javax.swing.JComponent.processMouseEvent(JComponent.java:3324)
	at java.awt.Component.processEvent(Component.java:6304)
	at java.awt.Container.processEvent(Container.java:2239)
	at java.awt.Component.dispatchEventImpl(Component.java:4889)
	at java.awt.Container.dispatchEventImpl(Container.java:2297)
	at java.awt.Component.dispatchEvent(Component.java:4711)
	at java.awt.LightweightDispatcher.retargetMouseEvent(Container.java:4904)
	at java.awt.LightweightDispatcher.processMouseEvent(Container.java:4535)
	at java.awt.LightweightDispatcher.dispatchEvent(Container.java:4476)
	at java.awt.Container.dispatchEventImpl(Container.java:2283)
	at java.awt.Window.dispatchEventImpl(Window.java:2746)
	at java.awt.Component.dispatchEvent(Component.java:4711)
	at java.awt.EventQueue.dispatchEventImpl(EventQueue.java:760)
	at java.awt.EventQueue.access$500(EventQueue.java:97)
	at java.awt.EventQueue$3.run(EventQueue.java:709)
	at java.awt.EventQueue$3.run(EventQueue.java:703)
	at java.security.AccessController.doPrivileged(Native Method)
	at java.security.ProtectionDomain$JavaSecurityAccessImpl.doIntersectionPrivilege(ProtectionDomain.java:74)
	at java.security.ProtectionDomain$JavaSecurityAccessImpl.doIntersectionPrivilege(ProtectionDomain.java:84)
	at java.awt.EventQueue$4.run(EventQueue.java:733)
	at java.awt.EventQueue$4.run(EventQueue.java:731)
	at java.security.AccessController.doPrivileged(Native Method)
	at java.security.ProtectionDomain$JavaSecurityAccessImpl.doIntersectionPrivilege(ProtectionDomain.java:74)
	at java.awt.EventQueue.dispatchEvent(EventQueue.java:730)
	at java.awt.EventDispatchThread.pumpOneEventForFilters(EventDispatchThread.java:205)
	at java.awt.EventDispatchThread.pumpEventsForFilter(EventDispatchThread.java:116)
	at java.awt.EventDispatchThread.pumpEventsForHierarchy(EventDispatchThread.java:105)
	at java.awt.EventDispatchThread.pumpEvents(EventDispatchThread.java:101)
	at java.awt.EventDispatchThread.pumpEvents(EventDispatchThread.java:93)
	at java.awt.EventDispatchThread.run(EventDispatchThread.java:82)
Caused by: javax.naming.NoInitialContextException: Need to specify class name in environment or system property, or as an applet parameter, or in an application resource file:  java.naming.factory.initial
	at javax.naming.spi.NamingManager.getInitialContext(NamingManager.java:662)
	at javax.naming.InitialContext.getDefaultInitCtx(InitialContext.java:313)
	at javax.naming.InitialContext.getURLOrDefaultInitCtx(InitialContext.java:350)
	at javax.naming.InitialContext.getNameParser(InitialContext.java:505)
	at org.hibernate.engine.jndi.internal.JndiServiceImpl.parseName(JndiServiceImpl.java:118)
	... 48 more
2020-07-15 18:35:32 DEBUG StatisticsInitiator:101 - Statistics initialized [enabled=false]
2020-07-15 18:35:32 DEBUG SQL:127 - SELECT * FROM Ranking
2020-07-15 18:35:32 DEBUG Loader:384 - Result set row: 0
2020-07-15 18:35:32 DEBUG Loader:1586 - Result row: EntityKey[pl.sokol.pacman.database.domain.Ranking#1]
2020-07-15 18:35:32 DEBUG Loader:384 - Result set row: 1
2020-07-15 18:35:32 DEBUG Loader:1586 - Result row: EntityKey[pl.sokol.pacman.database.domain.Ranking#2]
2020-07-15 18:35:32 DEBUG Loader:384 - Result set row: 2
2020-07-15 18:35:32 DEBUG Loader:1586 - Result row: EntityKey[pl.sokol.pacman.database.domain.Ranking#3]
2020-07-15 18:35:32 DEBUG Loader:384 - Result set row: 3
2020-07-15 18:35:32 DEBUG Loader:1586 - Result row: EntityKey[pl.sokol.pacman.database.domain.Ranking#4]
2020-07-15 18:35:32 DEBUG Loader:384 - Result set row: 4
2020-07-15 18:35:32 DEBUG Loader:1586 - Result row: EntityKey[pl.sokol.pacman.database.domain.Ranking#5]
2020-07-15 18:35:32 DEBUG Loader:384 - Result set row: 5
2020-07-15 18:35:32 DEBUG Loader:1586 - Result row: EntityKey[pl.sokol.pacman.database.domain.Ranking#6]
2020-07-15 18:35:32 DEBUG Loader:384 - Result set row: 6
2020-07-15 18:35:32 DEBUG Loader:1586 - Result row: EntityKey[pl.sokol.pacman.database.domain.Ranking#7]
2020-07-15 18:35:32 DEBUG Loader:384 - Result set row: 7
2020-07-15 18:35:32 DEBUG Loader:1586 - Result row: EntityKey[pl.sokol.pacman.database.domain.Ranking#8]
2020-07-15 18:35:32 DEBUG Loader:384 - Result set row: 8
2020-07-15 18:35:32 DEBUG Loader:1586 - Result row: EntityKey[pl.sokol.pacman.database.domain.Ranking#9]
2020-07-15 18:35:32 DEBUG Loader:384 - Result set row: 9
2020-07-15 18:35:32 DEBUG Loader:1586 - Result row: EntityKey[pl.sokol.pacman.database.domain.Ranking#10]
2020-07-15 18:35:32 DEBUG Loader:384 - Result set row: 10
2020-07-15 18:35:32 DEBUG Loader:1586 - Result row: EntityKey[pl.sokol.pacman.database.domain.Ranking#11]
2020-07-15 18:35:32 DEBUG Loader:384 - Result set row: 11
2020-07-15 18:35:32 DEBUG Loader:1586 - Result row: EntityKey[pl.sokol.pacman.database.domain.Ranking#12]
2020-07-15 18:35:32 DEBUG Loader:384 - Result set row: 12
2020-07-15 18:35:32 DEBUG Loader:1586 - Result row: EntityKey[pl.sokol.pacman.database.domain.Ranking#13]
2020-07-15 18:35:32 DEBUG Loader:384 - Result set row: 13
2020-07-15 18:35:32 DEBUG Loader:1586 - Result row: EntityKey[pl.sokol.pacman.database.domain.Ranking#14]
2020-07-15 18:35:32 DEBUG Loader:384 - Result set row: 14
2020-07-15 18:35:32 DEBUG Loader:1586 - Result row: EntityKey[pl.sokol.pacman.database.domain.Ranking#15]
2020-07-15 18:35:32 DEBUG Loader:384 - Result set row: 15
2020-07-15 18:35:32 DEBUG Loader:1586 - Result row: EntityKey[pl.sokol.pacman.database.domain.Ranking#16]
2020-07-15 18:35:32 DEBUG Loader:384 - Result set row: 16
2020-07-15 18:35:32 DEBUG Loader:1586 - Result row: EntityKey[pl.sokol.pacman.database.domain.Ranking#17]
2020-07-15 18:35:32 DEBUG Loader:384 - Result set row: 17
2020-07-15 18:35:32 DEBUG Loader:1586 - Result row: EntityKey[pl.sokol.pacman.database.domain.Ranking#18]
2020-07-15 18:35:32 DEBUG Loader:384 - Result set row: 18
2020-07-15 18:35:32 DEBUG Loader:1586 - Result row: EntityKey[pl.sokol.pacman.database.domain.Ranking#19]
2020-07-15 18:35:32 DEBUG Loader:384 - Result set row: 19
2020-07-15 18:35:32 DEBUG Loader:1586 - Result row: EntityKey[pl.sokol.pacman.database.domain.Ranking#20]
2020-07-15 18:35:32 DEBUG Loader:384 - Result set row: 20
2020-07-15 18:35:32 DEBUG Loader:1586 - Result row: EntityKey[pl.sokol.pacman.database.domain.Ranking#21]
2020-07-15 18:35:32 DEBUG Loader:384 - Result set row: 21
2020-07-15 18:35:32 DEBUG Loader:1586 - Result row: EntityKey[pl.sokol.pacman.database.domain.Ranking#22]
2020-07-15 18:35:32 DEBUG Loader:384 - Result set row: 22
2020-07-15 18:35:32 DEBUG Loader:1586 - Result row: EntityKey[pl.sokol.pacman.database.domain.Ranking#23]
2020-07-15 18:35:32 DEBUG Loader:384 - Result set row: 23
2020-07-15 18:35:32 DEBUG Loader:1586 - Result row: EntityKey[pl.sokol.pacman.database.domain.Ranking#24]
2020-07-15 18:35:32 DEBUG Loader:384 - Result set row: 24
2020-07-15 18:35:32 DEBUG Loader:1586 - Result row: EntityKey[pl.sokol.pacman.database.domain.Ranking#25]
2020-07-15 18:35:32 DEBUG Loader:384 - Result set row: 25
2020-07-15 18:35:32 DEBUG Loader:1586 - Result row: EntityKey[pl.sokol.pacman.database.domain.Ranking#26]
2020-07-15 18:35:32 DEBUG Loader:384 - Result set row: 26
2020-07-15 18:35:32 DEBUG Loader:1586 - Result row: EntityKey[pl.sokol.pacman.database.domain.Ranking#27]
2020-07-15 18:35:32 DEBUG TwoPhaseLoad:178 - Resolving attributes for [pl.sokol.pacman.database.domain.Ranking#1]
2020-07-15 18:35:32 DEBUG TwoPhaseLoad:190 - Processing attribute `date` : value = null
2020-07-15 18:35:32 DEBUG TwoPhaseLoad:221 - Attribute (`date`)  - enhanced for lazy-loading? - false
2020-07-15 18:35:32 DEBUG TwoPhaseLoad:190 - Processing attribute `nick` : value = bruh
2020-07-15 18:35:32 DEBUG TwoPhaseLoad:221 - Attribute (`nick`)  - enhanced for lazy-loading? - false
2020-07-15 18:35:32 DEBUG TwoPhaseLoad:190 - Processing attribute `points` : value = 3
2020-07-15 18:35:32 DEBUG TwoPhaseLoad:221 - Attribute (`points`)  - enhanced for lazy-loading? - false
2020-07-15 18:35:32 DEBUG TwoPhaseLoad:342 - Done materializing entity [pl.sokol.pacman.database.domain.Ranking#1]
2020-07-15 18:35:32 DEBUG TwoPhaseLoad:178 - Resolving attributes for [pl.sokol.pacman.database.domain.Ranking#2]
2020-07-15 18:35:32 DEBUG TwoPhaseLoad:190 - Processing attribute `date` : value = null
2020-07-15 18:35:32 DEBUG TwoPhaseLoad:221 - Attribute (`date`)  - enhanced for lazy-loading? - false
2020-07-15 18:35:32 DEBUG TwoPhaseLoad:190 - Processing attribute `nick` : value = bruh
2020-07-15 18:35:32 DEBUG TwoPhaseLoad:221 - Attribute (`nick`)  - enhanced for lazy-loading? - false
2020-07-15 18:35:32 DEBUG TwoPhaseLoad:190 - Processing attribute `points` : value = 3
2020-07-15 18:35:32 DEBUG TwoPhaseLoad:221 - Attribute (`points`)  - enhanced for lazy-loading? - false
2020-07-15 18:35:32 DEBUG TwoPhaseLoad:342 - Done materializing entity [pl.sokol.pacman.database.domain.Ranking#2]
2020-07-15 18:35:32 DEBUG TwoPhaseLoad:178 - Resolving attributes for [pl.sokol.pacman.database.domain.Ranking#3]
2020-07-15 18:35:32 DEBUG TwoPhaseLoad:190 - Processing attribute `date` : value = null
2020-07-15 18:35:32 DEBUG TwoPhaseLoad:221 - Attribute (`date`)  - enhanced for lazy-loading? - false
2020-07-15 18:35:32 DEBUG TwoPhaseLoad:190 - Processing attribute `nick` : value = nice
2020-07-15 18:35:32 DEBUG TwoPhaseLoad:221 - Attribute (`nick`)  - enhanced for lazy-loading? - false
2020-07-15 18:35:32 DEBUG TwoPhaseLoad:190 - Processing attribute `points` : value = 42
2020-07-15 18:35:32 DEBUG TwoPhaseLoad:221 - Attribute (`points`)  - enhanced for lazy-loading? - false
2020-07-15 18:35:32 DEBUG TwoPhaseLoad:342 - Done materializing entity [pl.sokol.pacman.database.domain.Ranking#3]
2020-07-15 18:35:32 DEBUG TwoPhaseLoad:178 - Resolving attributes for [pl.sokol.pacman.database.domain.Ranking#4]
2020-07-15 18:35:32 DEBUG TwoPhaseLoad:190 - Processing attribute `date` : value = null
2020-07-15 18:35:32 DEBUG TwoPhaseLoad:221 - Attribute (`date`)  - enhanced for lazy-loading? - false
2020-07-15 18:35:32 DEBUG TwoPhaseLoad:190 - Processing attribute `nick` : value = nf
2020-07-15 18:35:32 DEBUG TwoPhaseLoad:221 - Attribute (`nick`)  - enhanced for lazy-loading? - false
2020-07-15 18:35:32 DEBUG TwoPhaseLoad:190 - Processing attribute `points` : value = 42
2020-07-15 18:35:32 DEBUG TwoPhaseLoad:221 - Attribute (`points`)  - enhanced for lazy-loading? - false
2020-07-15 18:35:32 DEBUG TwoPhaseLoad:342 - Done materializing entity [pl.sokol.pacman.database.domain.Ranking#4]
2020-07-15 18:35:32 DEBUG TwoPhaseLoad:178 - Resolving attributes for [pl.sokol.pacman.database.domain.Ranking#5]
2020-07-15 18:35:32 DEBUG TwoPhaseLoad:190 - Processing attribute `date` : value = null
2020-07-15 18:35:32 DEBUG TwoPhaseLoad:221 - Attribute (`date`)  - enhanced for lazy-loading? - false
2020-07-15 18:35:32 DEBUG TwoPhaseLoad:190 - Processing attribute `nick` : value = bruh
2020-07-15 18:35:32 DEBUG TwoPhaseLoad:221 - Attribute (`nick`)  - enhanced for lazy-loading? - false
2020-07-15 18:35:32 DEBUG TwoPhaseLoad:190 - Processing attribute `points` : value = 3
2020-07-15 18:35:32 DEBUG TwoPhaseLoad:221 - Attribute (`points`)  - enhanced for lazy-loading? - false
2020-07-15 18:35:32 DEBUG TwoPhaseLoad:342 - Done materializing entity [pl.sokol.pacman.database.domain.Ranking#5]
2020-07-15 18:35:32 DEBUG TwoPhaseLoad:178 - Resolving attributes for [pl.sokol.pacman.database.domain.Ranking#6]
2020-07-15 18:35:32 DEBUG TwoPhaseLoad:190 - Processing attribute `date` : value = null
2020-07-15 18:35:32 DEBUG TwoPhaseLoad:221 - Attribute (`date`)  - enhanced for lazy-loading? - false
2020-07-15 18:35:32 DEBUG TwoPhaseLoad:190 - Processing attribute `nick` : value = nice
2020-07-15 18:35:32 DEBUG TwoPhaseLoad:221 - Attribute (`nick`)  - enhanced for lazy-loading? - false
2020-07-15 18:35:32 DEBUG TwoPhaseLoad:190 - Processing attribute `points` : value = 42
2020-07-15 18:35:32 DEBUG TwoPhaseLoad:221 - Attribute (`points`)  - enhanced for lazy-loading? - false
2020-07-15 18:35:32 DEBUG TwoPhaseLoad:342 - Done materializing entity [pl.sokol.pacman.database.domain.Ranking#6]
2020-07-15 18:35:32 DEBUG TwoPhaseLoad:178 - Resolving attributes for [pl.sokol.pacman.database.domain.Ranking#7]
2020-07-15 18:35:32 DEBUG TwoPhaseLoad:190 - Processing attribute `date` : value = null
2020-07-15 18:35:32 DEBUG TwoPhaseLoad:221 - Attribute (`date`)  - enhanced for lazy-loading? - false
2020-07-15 18:35:32 DEBUG TwoPhaseLoad:190 - Processing attribute `nick` : value = nf
2020-07-15 18:35:32 DEBUG TwoPhaseLoad:221 - Attribute (`nick`)  - enhanced for lazy-loading? - false
2020-07-15 18:35:32 DEBUG TwoPhaseLoad:190 - Processing attribute `points` : value = 42
2020-07-15 18:35:32 DEBUG TwoPhaseLoad:221 - Attribute (`points`)  - enhanced for lazy-loading? - false
2020-07-15 18:35:32 DEBUG TwoPhaseLoad:342 - Done materializing entity [pl.sokol.pacman.database.domain.Ranking#7]
2020-07-15 18:35:32 DEBUG TwoPhaseLoad:178 - Resolving attributes for [pl.sokol.pacman.database.domain.Ranking#8]
2020-07-15 18:35:32 DEBUG TwoPhaseLoad:190 - Processing attribute `date` : value = null
2020-07-15 18:35:32 DEBUG TwoPhaseLoad:221 - Attribute (`date`)  - enhanced for lazy-loading? - false
2020-07-15 18:35:32 DEBUG TwoPhaseLoad:190 - Processing attribute `nick` : value = bruh
2020-07-15 18:35:32 DEBUG TwoPhaseLoad:221 - Attribute (`nick`)  - enhanced for lazy-loading? - false
2020-07-15 18:35:32 DEBUG TwoPhaseLoad:190 - Processing attribute `points` : value = 3
2020-07-15 18:35:32 DEBUG TwoPhaseLoad:221 - Attribute (`points`)  - enhanced for lazy-loading? - false
2020-07-15 18:35:32 DEBUG TwoPhaseLoad:342 - Done materializing entity [pl.sokol.pacman.database.domain.Ranking#8]
2020-07-15 18:35:32 DEBUG TwoPhaseLoad:178 - Resolving attributes for [pl.sokol.pacman.database.domain.Ranking#9]
2020-07-15 18:35:32 DEBUG TwoPhaseLoad:190 - Processing attribute `date` : value = null
2020-07-15 18:35:32 DEBUG TwoPhaseLoad:221 - Attribute (`date`)  - enhanced for lazy-loading? - false
2020-07-15 18:35:32 DEBUG TwoPhaseLoad:190 - Processing attribute `nick` : value = nice
2020-07-15 18:35:32 DEBUG TwoPhaseLoad:221 - Attribute (`nick`)  - enhanced for lazy-loading? - false
2020-07-15 18:35:32 DEBUG TwoPhaseLoad:190 - Processing attribute `points` : value = 42
2020-07-15 18:35:32 DEBUG TwoPhaseLoad:221 - Attribute (`points`)  - enhanced for lazy-loading? - false
2020-07-15 18:35:32 DEBUG TwoPhaseLoad:342 - Done materializing entity [pl.sokol.pacman.database.domain.Ranking#9]
2020-07-15 18:35:32 DEBUG TwoPhaseLoad:178 - Resolving attributes for [pl.sokol.pacman.database.domain.Ranking#10]
2020-07-15 18:35:32 DEBUG TwoPhaseLoad:190 - Processing attribute `date` : value = null
2020-07-15 18:35:32 DEBUG TwoPhaseLoad:221 - Attribute (`date`)  - enhanced for lazy-loading? - false
2020-07-15 18:35:32 DEBUG TwoPhaseLoad:190 - Processing attribute `nick` : value = nf
2020-07-15 18:35:32 DEBUG TwoPhaseLoad:221 - Attribute (`nick`)  - enhanced for lazy-loading? - false
2020-07-15 18:35:32 DEBUG TwoPhaseLoad:190 - Processing attribute `points` : value = 42
2020-07-15 18:35:32 DEBUG TwoPhaseLoad:221 - Attribute (`points`)  - enhanced for lazy-loading? - false
2020-07-15 18:35:32 DEBUG TwoPhaseLoad:342 - Done materializing entity [pl.sokol.pacman.database.domain.Ranking#10]
2020-07-15 18:35:32 DEBUG TwoPhaseLoad:178 - Resolving attributes for [pl.sokol.pacman.database.domain.Ranking#11]
2020-07-15 18:35:32 DEBUG TwoPhaseLoad:190 - Processing attribute `date` : value = null
2020-07-15 18:35:32 DEBUG TwoPhaseLoad:221 - Attribute (`date`)  - enhanced for lazy-loading? - false
2020-07-15 18:35:32 DEBUG TwoPhaseLoad:190 - Processing attribute `nick` : value = bruh
2020-07-15 18:35:32 DEBUG TwoPhaseLoad:221 - Attribute (`nick`)  - enhanced for lazy-loading? - false
2020-07-15 18:35:32 DEBUG TwoPhaseLoad:190 - Processing attribute `points` : value = 3
2020-07-15 18:35:32 DEBUG TwoPhaseLoad:221 - Attribute (`points`)  - enhanced for lazy-loading? - false
2020-07-15 18:35:32 DEBUG TwoPhaseLoad:342 - Done materializing entity [pl.sokol.pacman.database.domain.Ranking#11]
2020-07-15 18:35:32 DEBUG TwoPhaseLoad:178 - Resolving attributes for [pl.sokol.pacman.database.domain.Ranking#12]
2020-07-15 18:35:32 DEBUG TwoPhaseLoad:190 - Processing attribute `date` : value = null
2020-07-15 18:35:32 DEBUG TwoPhaseLoad:221 - Attribute (`date`)  - enhanced for lazy-loading? - false
2020-07-15 18:35:32 DEBUG TwoPhaseLoad:190 - Processing attribute `nick` : value = nice
2020-07-15 18:35:32 DEBUG TwoPhaseLoad:221 - Attribute (`nick`)  - enhanced for lazy-loading? - false
2020-07-15 18:35:32 DEBUG TwoPhaseLoad:190 - Processing attribute `points` : value = 42
2020-07-15 18:35:32 DEBUG TwoPhaseLoad:221 - Attribute (`points`)  - enhanced for lazy-loading? - false
2020-07-15 18:35:32 DEBUG TwoPhaseLoad:342 - Done materializing entity [pl.sokol.pacman.database.domain.Ranking#12]
2020-07-15 18:35:32 DEBUG TwoPhaseLoad:178 - Resolving attributes for [pl.sokol.pacman.database.domain.Ranking#13]
2020-07-15 18:35:32 DEBUG TwoPhaseLoad:190 - Processing attribute `date` : value = null
2020-07-15 18:35:32 DEBUG TwoPhaseLoad:221 - Attribute (`date`)  - enhanced for lazy-loading? - false
2020-07-15 18:35:32 DEBUG TwoPhaseLoad:190 - Processing attribute `nick` : value = nf
2020-07-15 18:35:32 DEBUG TwoPhaseLoad:221 - Attribute (`nick`)  - enhanced for lazy-loading? - false
2020-07-15 18:35:32 DEBUG TwoPhaseLoad:190 - Processing attribute `points` : value = 42
2020-07-15 18:35:32 DEBUG TwoPhaseLoad:221 - Attribute (`points`)  - enhanced for lazy-loading? - false
2020-07-15 18:35:32 DEBUG TwoPhaseLoad:342 - Done materializing entity [pl.sokol.pacman.database.domain.Ranking#13]
2020-07-15 18:35:32 DEBUG TwoPhaseLoad:178 - Resolving attributes for [pl.sokol.pacman.database.domain.Ranking#14]
2020-07-15 18:35:32 DEBUG TwoPhaseLoad:190 - Processing attribute `date` : value = null
2020-07-15 18:35:32 DEBUG TwoPhaseLoad:221 - Attribute (`date`)  - enhanced for lazy-loading? - false
2020-07-15 18:35:32 DEBUG TwoPhaseLoad:190 - Processing attribute `nick` : value = bruh
2020-07-15 18:35:32 DEBUG TwoPhaseLoad:221 - Attribute (`nick`)  - enhanced for lazy-loading? - false
2020-07-15 18:35:32 DEBUG TwoPhaseLoad:190 - Processing attribute `points` : value = 3
2020-07-15 18:35:32 DEBUG TwoPhaseLoad:221 - Attribute (`points`)  - enhanced for lazy-loading? - false
2020-07-15 18:35:32 DEBUG TwoPhaseLoad:342 - Done materializing entity [pl.sokol.pacman.database.domain.Ranking#14]
2020-07-15 18:35:32 DEBUG TwoPhaseLoad:178 - Resolving attributes for [pl.sokol.pacman.database.domain.Ranking#15]
2020-07-15 18:35:32 DEBUG TwoPhaseLoad:190 - Processing attribute `date` : value = null
2020-07-15 18:35:32 DEBUG TwoPhaseLoad:221 - Attribute (`date`)  - enhanced for lazy-loading? - false
2020-07-15 18:35:32 DEBUG TwoPhaseLoad:190 - Processing attribute `nick` : value = nice
2020-07-15 18:35:32 DEBUG TwoPhaseLoad:221 - Attribute (`nick`)  - enhanced for lazy-loading? - false
2020-07-15 18:35:32 DEBUG TwoPhaseLoad:190 - Processing attribute `points` : value = 42
2020-07-15 18:35:32 DEBUG TwoPhaseLoad:221 - Attribute (`points`)  - enhanced for lazy-loading? - false
2020-07-15 18:35:32 DEBUG TwoPhaseLoad:342 - Done materializing entity [pl.sokol.pacman.database.domain.Ranking#15]
2020-07-15 18:35:32 DEBUG TwoPhaseLoad:178 - Resolving attributes for [pl.sokol.pacman.database.domain.Ranking#16]
2020-07-15 18:35:32 DEBUG TwoPhaseLoad:190 - Processing attribute `date` : value = null
2020-07-15 18:35:32 DEBUG TwoPhaseLoad:221 - Attribute (`date`)  - enhanced for lazy-loading? - false
2020-07-15 18:35:32 DEBUG TwoPhaseLoad:190 - Processing attribute `nick` : value = nf
2020-07-15 18:35:32 DEBUG TwoPhaseLoad:221 - Attribute (`nick`)  - enhanced for lazy-loading? - false
2020-07-15 18:35:32 DEBUG TwoPhaseLoad:190 - Processing attribute `points` : value = 42
2020-07-15 18:35:32 DEBUG TwoPhaseLoad:221 - Attribute (`points`)  - enhanced for lazy-loading? - false
2020-07-15 18:35:32 DEBUG TwoPhaseLoad:342 - Done materializing entity [pl.sokol.pacman.database.domain.Ranking#16]
2020-07-15 18:35:32 DEBUG TwoPhaseLoad:178 - Resolving attributes for [pl.sokol.pacman.database.domain.Ranking#17]
2020-07-15 18:35:32 DEBUG TwoPhaseLoad:190 - Processing attribute `date` : value = null
2020-07-15 18:35:32 DEBUG TwoPhaseLoad:221 - Attribute (`date`)  - enhanced for lazy-loading? - false
2020-07-15 18:35:32 DEBUG TwoPhaseLoad:190 - Processing attribute `nick` : value = bruh
2020-07-15 18:35:32 DEBUG TwoPhaseLoad:221 - Attribute (`nick`)  - enhanced for lazy-loading? - false
2020-07-15 18:35:32 DEBUG TwoPhaseLoad:190 - Processing attribute `points` : value = 3
2020-07-15 18:35:32 DEBUG TwoPhaseLoad:221 - Attribute (`points`)  - enhanced for lazy-loading? - false
2020-07-15 18:35:32 DEBUG TwoPhaseLoad:342 - Done materializing entity [pl.sokol.pacman.database.domain.Ranking#17]
2020-07-15 18:35:32 DEBUG TwoPhaseLoad:178 - Resolving attributes for [pl.sokol.pacman.database.domain.Ranking#18]
2020-07-15 18:35:32 DEBUG TwoPhaseLoad:190 - Processing attribute `date` : value = null
2020-07-15 18:35:32 DEBUG TwoPhaseLoad:221 - Attribute (`date`)  - enhanced for lazy-loading? - false
2020-07-15 18:35:32 DEBUG TwoPhaseLoad:190 - Processing attribute `nick` : value = nice
2020-07-15 18:35:32 DEBUG TwoPhaseLoad:221 - Attribute (`nick`)  - enhanced for lazy-loading? - false
2020-07-15 18:35:32 DEBUG TwoPhaseLoad:190 - Processing attribute `points` : value = 42
2020-07-15 18:35:32 DEBUG TwoPhaseLoad:221 - Attribute (`points`)  - enhanced for lazy-loading? - false
2020-07-15 18:35:32 DEBUG TwoPhaseLoad:342 - Done materializing entity [pl.sokol.pacman.database.domain.Ranking#18]
2020-07-15 18:35:32 DEBUG TwoPhaseLoad:178 - Resolving attributes for [pl.sokol.pacman.database.domain.Ranking#19]
2020-07-15 18:35:32 DEBUG TwoPhaseLoad:190 - Processing attribute `date` : value = null
2020-07-15 18:35:32 DEBUG TwoPhaseLoad:221 - Attribute (`date`)  - enhanced for lazy-loading? - false
2020-07-15 18:35:32 DEBUG TwoPhaseLoad:190 - Processing attribute `nick` : value = nf
2020-07-15 18:35:32 DEBUG TwoPhaseLoad:221 - Attribute (`nick`)  - enhanced for lazy-loading? - false
2020-07-15 18:35:32 DEBUG TwoPhaseLoad:190 - Processing attribute `points` : value = 42
2020-07-15 18:35:32 DEBUG TwoPhaseLoad:221 - Attribute (`points`)  - enhanced for lazy-loading? - false
2020-07-15 18:35:32 DEBUG TwoPhaseLoad:342 - Done materializing entity [pl.sokol.pacman.database.domain.Ranking#19]
2020-07-15 18:35:32 DEBUG TwoPhaseLoad:178 - Resolving attributes for [pl.sokol.pacman.database.domain.Ranking#20]
2020-07-15 18:35:32 DEBUG TwoPhaseLoad:190 - Processing attribute `date` : value = null
2020-07-15 18:35:32 DEBUG TwoPhaseLoad:221 - Attribute (`date`)  - enhanced for lazy-loading? - false
2020-07-15 18:35:32 DEBUG TwoPhaseLoad:190 - Processing attribute `nick` : value = bruh
2020-07-15 18:35:32 DEBUG TwoPhaseLoad:221 - Attribute (`nick`)  - enhanced for lazy-loading? - false
2020-07-15 18:35:32 DEBUG TwoPhaseLoad:190 - Processing attribute `points` : value = 3
2020-07-15 18:35:32 DEBUG TwoPhaseLoad:221 - Attribute (`points`)  - enhanced for lazy-loading? - false
2020-07-15 18:35:32 DEBUG TwoPhaseLoad:342 - Done materializing entity [pl.sokol.pacman.database.domain.Ranking#20]
2020-07-15 18:35:32 DEBUG TwoPhaseLoad:178 - Resolving attributes for [pl.sokol.pacman.database.domain.Ranking#21]
2020-07-15 18:35:32 DEBUG TwoPhaseLoad:190 - Processing attribute `date` : value = null
2020-07-15 18:35:32 DEBUG TwoPhaseLoad:221 - Attribute (`date`)  - enhanced for lazy-loading? - false
2020-07-15 18:35:32 DEBUG TwoPhaseLoad:190 - Processing attribute `nick` : value = nice
2020-07-15 18:35:32 DEBUG TwoPhaseLoad:221 - Attribute (`nick`)  - enhanced for lazy-loading? - false
2020-07-15 18:35:32 DEBUG TwoPhaseLoad:190 - Processing attribute `points` : value = 42
2020-07-15 18:35:32 DEBUG TwoPhaseLoad:221 - Attribute (`points`)  - enhanced for lazy-loading? - false
2020-07-15 18:35:32 DEBUG TwoPhaseLoad:342 - Done materializing entity [pl.sokol.pacman.database.domain.Ranking#21]
2020-07-15 18:35:32 DEBUG TwoPhaseLoad:178 - Resolving attributes for [pl.sokol.pacman.database.domain.Ranking#22]
2020-07-15 18:35:32 DEBUG TwoPhaseLoad:190 - Processing attribute `date` : value = null
2020-07-15 18:35:32 DEBUG TwoPhaseLoad:221 - Attribute (`date`)  - enhanced for lazy-loading? - false
2020-07-15 18:35:32 DEBUG TwoPhaseLoad:190 - Processing attribute `nick` : value = nf
2020-07-15 18:35:32 DEBUG TwoPhaseLoad:221 - Attribute (`nick`)  - enhanced for lazy-loading? - false
2020-07-15 18:35:32 DEBUG TwoPhaseLoad:190 - Processing attribute `points` : value = 42
2020-07-15 18:35:32 DEBUG TwoPhaseLoad:221 - Attribute (`points`)  - enhanced for lazy-loading? - false
2020-07-15 18:35:32 DEBUG TwoPhaseLoad:342 - Done materializing entity [pl.sokol.pacman.database.domain.Ranking#22]
2020-07-15 18:35:32 DEBUG TwoPhaseLoad:178 - Resolving attributes for [pl.sokol.pacman.database.domain.Ranking#23]
2020-07-15 18:35:32 DEBUG TwoPhaseLoad:190 - Processing attribute `date` : value = null
2020-07-15 18:35:32 DEBUG TwoPhaseLoad:221 - Attribute (`date`)  - enhanced for lazy-loading? - false
2020-07-15 18:35:32 DEBUG TwoPhaseLoad:190 - Processing attribute `nick` : value = bruh
2020-07-15 18:35:32 DEBUG TwoPhaseLoad:221 - Attribute (`nick`)  - enhanced for lazy-loading? - false
2020-07-15 18:35:32 DEBUG TwoPhaseLoad:190 - Processing attribute `points` : value = 3
2020-07-15 18:35:32 DEBUG TwoPhaseLoad:221 - Attribute (`points`)  - enhanced for lazy-loading? - false
2020-07-15 18:35:32 DEBUG TwoPhaseLoad:342 - Done materializing entity [pl.sokol.pacman.database.domain.Ranking#23]
2020-07-15 18:35:32 DEBUG TwoPhaseLoad:178 - Resolving attributes for [pl.sokol.pacman.database.domain.Ranking#24]
2020-07-15 18:35:32 DEBUG TwoPhaseLoad:190 - Processing attribute `date` : value = null
2020-07-15 18:35:32 DEBUG TwoPhaseLoad:221 - Attribute (`date`)  - enhanced for lazy-loading? - false
2020-07-15 18:35:32 DEBUG TwoPhaseLoad:190 - Processing attribute `nick` : value = nice
2020-07-15 18:35:32 DEBUG TwoPhaseLoad:221 - Attribute (`nick`)  - enhanced for lazy-loading? - false
2020-07-15 18:35:32 DEBUG TwoPhaseLoad:190 - Processing attribute `points` : value = 42
2020-07-15 18:35:32 DEBUG TwoPhaseLoad:221 - Attribute (`points`)  - enhanced for lazy-loading? - false
2020-07-15 18:35:32 DEBUG TwoPhaseLoad:342 - Done materializing entity [pl.sokol.pacman.database.domain.Ranking#24]
2020-07-15 18:35:32 DEBUG TwoPhaseLoad:178 - Resolving attributes for [pl.sokol.pacman.database.domain.Ranking#25]
2020-07-15 18:35:32 DEBUG TwoPhaseLoad:190 - Processing attribute `date` : value = null
2020-07-15 18:35:32 DEBUG TwoPhaseLoad:221 - Attribute (`date`)  - enhanced for lazy-loading? - false
2020-07-15 18:35:32 DEBUG TwoPhaseLoad:190 - Processing attribute `nick` : value = nf
2020-07-15 18:35:32 DEBUG TwoPhaseLoad:221 - Attribute (`nick`)  - enhanced for lazy-loading? - false
2020-07-15 18:35:32 DEBUG TwoPhaseLoad:190 - Processing attribute `points` : value = 42
2020-07-15 18:35:32 DEBUG TwoPhaseLoad:221 - Attribute (`points`)  - enhanced for lazy-loading? - false
2020-07-15 18:35:32 DEBUG TwoPhaseLoad:342 - Done materializing entity [pl.sokol.pacman.database.domain.Ranking#25]
2020-07-15 18:35:32 DEBUG TwoPhaseLoad:178 - Resolving attributes for [pl.sokol.pacman.database.domain.Ranking#26]
2020-07-15 18:35:32 DEBUG TwoPhaseLoad:190 - Processing attribute `date` : value = 2020-07-15 18:33:36.0
2020-07-15 18:35:32 DEBUG TwoPhaseLoad:221 - Attribute (`date`)  - enhanced for lazy-loading? - false
2020-07-15 18:35:32 DEBUG TwoPhaseLoad:190 - Processing attribute `nick` : value = NIGGA
2020-07-15 18:35:32 DEBUG TwoPhaseLoad:221 - Attribute (`nick`)  - enhanced for lazy-loading? - false
2020-07-15 18:35:32 DEBUG TwoPhaseLoad:190 - Processing attribute `points` : value = 1430
2020-07-15 18:35:32 DEBUG TwoPhaseLoad:221 - Attribute (`points`)  - enhanced for lazy-loading? - false
2020-07-15 18:35:32 DEBUG TwoPhaseLoad:342 - Done materializing entity [pl.sokol.pacman.database.domain.Ranking#26]
2020-07-15 18:35:32 DEBUG TwoPhaseLoad:178 - Resolving attributes for [pl.sokol.pacman.database.domain.Ranking#27]
2020-07-15 18:35:32 DEBUG TwoPhaseLoad:190 - Processing attribute `date` : value = 2020-07-15 18:34:41.0
2020-07-15 18:35:32 DEBUG TwoPhaseLoad:221 - Attribute (`date`)  - enhanced for lazy-loading? - false
2020-07-15 18:35:32 DEBUG TwoPhaseLoad:190 - Processing attribute `nick` : value = JEEEEA
2020-07-15 18:35:32 DEBUG TwoPhaseLoad:221 - Attribute (`nick`)  - enhanced for lazy-loading? - false
2020-07-15 18:35:32 DEBUG TwoPhaseLoad:190 - Processing attribute `points` : value = 1430
2020-07-15 18:35:32 DEBUG TwoPhaseLoad:221 - Attribute (`points`)  - enhanced for lazy-loading? - false
2020-07-15 18:35:32 DEBUG TwoPhaseLoad:342 - Done materializing entity [pl.sokol.pacman.database.domain.Ranking#27]
2020-07-15 18:35:32 DEBUG LogicalConnectionManagedImpl:159 - Initiating JDBC connection release from afterTransaction
